[    0.000000] Linux version 4.15.0-212-generic (buildd@lcy02-amd64-083) (gcc version 7.5.0 (Ubuntu 7.5.0-3ubuntu1~18.04)) #223-Ubuntu SMP Tue May 23 13:09:22 UTC 2023 (Ubuntu 4.15.0-212.223-generic 4.15.18)
[    0.000000] Command line: BOOT_IMAGE=/boot/vmlinuz-4.15.0-212-generic root=LABEL=cloudimg-rootfs ro console=tty1 console=ttyS0
[    0.000000] KERNEL supported cpus:
[    0.000000]   Intel GenuineIntel
[    0.000000]   AMD AuthenticAMD
[    0.000000]   Centaur CentaurHauls
[    0.000000] x86/fpu: x87 FPU will use FXSAVE
[    0.000000] e820: BIOS-provided physical RAM map:
[    0.000000] BIOS-e820: [mem 0x0000000000000000-0x000000000009fbff] usable
[    0.000000] BIOS-e820: [mem 0x000000000009fc00-0x000000000009ffff] reserved
[    0.000000] BIOS-e820: [mem 0x00000000000f0000-0x00000000000fffff] reserved
[    0.000000] BIOS-e820: [mem 0x0000000000100000-0x000000003ffeffff] usable
[    0.000000] BIOS-e820: [mem 0x000000003fff0000-0x000000003fffffff] ACPI data
[    0.000000] BIOS-e820: [mem 0x00000000fec00000-0x00000000fec00fff] reserved
[    0.000000] BIOS-e820: [mem 0x00000000fee00000-0x00000000fee00fff] reserved
[    0.000000] BIOS-e820: [mem 0x00000000fffc0000-0x00000000ffffffff] reserved
[    0.000000] NX (Execute Disable) protection: active
[    0.000000] SMBIOS 2.5 present.
[    0.000000] DMI: innotek GmbH VirtualBox/VirtualBox, BIOS VirtualBox 12/01/2006
[    0.000000] Hypervisor detected: KVM
[    0.000000] e820: last_pfn = 0x3fff0 max_arch_pfn = 0x400000000
[    0.000000] MTRR: Disabled
[    0.000000] x86/PAT: MTRRs disabled, skipping PAT initialization too.
[    0.000000] CPU MTRRs all blank - virtualized system.
[    0.000000] x86/PAT: Configuration [0-7]: WB  WT  UC- UC  WB  WT  UC- UC  
[    0.000000] found SMP MP-table at [mem 0x0009fff0-0x0009ffff]
[    0.000000] Scanning 1 areas for low memory corruption
[    0.000000] RAMDISK: [mem 0x359cb000-0x36cdcfff]
[    0.000000] ACPI: Early table checksum verification disabled
[    0.000000] ACPI: RSDP 0x00000000000E0000 000024 (v02 VBOX  )
[    0.000000] ACPI: XSDT 0x000000003FFF0030 00003C (v01 VBOX   VBOXXSDT 00000001 ASL  00000061)
[    0.000000] ACPI: FACP 0x000000003FFF00F0 0000F4 (v04 VBOX   VBOXFACP 00000001 ASL  00000061)
[    0.000000] ACPI: DSDT 0x000000003FFF0610 002353 (v02 VBOX   VBOXBIOS 00000002 INTL 20100528)
[    0.000000] ACPI: FACS 0x000000003FFF0200 000040
[    0.000000] ACPI: FACS 0x000000003FFF0200 000040
[    0.000000] ACPI: APIC 0x000000003FFF0240 00005C (v02 VBOX   VBOXAPIC 00000001 ASL  00000061)
[    0.000000] ACPI: SSDT 0x000000003FFF02A0 00036C (v01 VBOX   VBOXCPUT 00000002 INTL 20100528)
[    0.000000] ACPI: Reserving FACP table memory at [mem 0x3fff00f0-0x3fff01e3]
[    0.000000] ACPI: Reserving DSDT table memory at [mem 0x3fff0610-0x3fff2962]
[    0.000000] ACPI: Reserving FACS table memory at [mem 0x3fff0200-0x3fff023f]
[    0.000000] ACPI: Reserving FACS table memory at [mem 0x3fff0200-0x3fff023f]
[    0.000000] ACPI: Reserving APIC table memory at [mem 0x3fff0240-0x3fff029b]
[    0.000000] ACPI: Reserving SSDT table memory at [mem 0x3fff02a0-0x3fff060b]
[    0.000000] No NUMA configuration found
[    0.000000] Faking a node at [mem 0x0000000000000000-0x000000003ffeffff]
[    0.000000] NODE_DATA(0) allocated [mem 0x3ffc5000-0x3ffeffff]
[    0.000000] kvm-clock: cpu 0, msr 0:3ff44001, primary cpu clock
[    0.000000] kvm-clock: Using msrs 4b564d01 and 4b564d00
[    0.000000] kvm-clock: using sched offset of 4735325547 cycles
[    0.000000] clocksource: kvm-clock: mask: 0xffffffffffffffff max_cycles: 0x1cd42e4dffb, max_idle_ns: 881590591483 ns
[    0.000000] Zone ranges:
[    0.000000]   DMA      [mem 0x0000000000001000-0x0000000000ffffff]
[    0.000000]   DMA32    [mem 0x0000000001000000-0x000000003ffeffff]
[    0.000000]   Normal   empty
[    0.000000]   Device   empty
[    0.000000] Movable zone start for each node
[    0.000000] Early memory node ranges
[    0.000000]   node   0: [mem 0x0000000000001000-0x000000000009efff]
[    0.000000]   node   0: [mem 0x0000000000100000-0x000000003ffeffff]
[    0.000000] Reserved but unavailable: 104 pages
[    0.000000] Initmem setup node 0 [mem 0x0000000000001000-0x000000003ffeffff]
[    0.000000] ACPI: PM-Timer IO Port: 0x4008
[    0.000000] IOAPIC[0]: apic_id 2, version 32, address 0xfec00000, GSI 0-23
[    0.000000] ACPI: INT_SRC_OVR (bus 0 bus_irq 0 global_irq 2 dfl dfl)
[    0.000000] ACPI: INT_SRC_OVR (bus 0 bus_irq 9 global_irq 9 low level)
[    0.000000] Using ACPI (MADT) for SMP configuration information
[    0.000000] smpboot: Allowing 2 CPUs, 0 hotplug CPUs
[    0.000000] PM: Registered nosave memory: [mem 0x00000000-0x00000fff]
[    0.000000] PM: Registered nosave memory: [mem 0x0009f000-0x0009ffff]
[    0.000000] PM: Registered nosave memory: [mem 0x000a0000-0x000effff]
[    0.000000] PM: Registered nosave memory: [mem 0x000f0000-0x000fffff]
[    0.000000] e820: [mem 0x40000000-0xfebfffff] available for PCI devices
[    0.000000] Booting paravirtualized kernel on KVM
[    0.000000] clocksource: refined-jiffies: mask: 0xffffffff max_cycles: 0xffffffff, max_idle_ns: 7645519600211568 ns
[    0.000000] setup_percpu: NR_CPUS:8192 nr_cpumask_bits:2 nr_cpu_ids:2 nr_node_ids:1
[    0.000000] percpu: Embedded 50 pages/cpu s167936 r8192 d28672 u1048576
[    0.000000] PV qspinlock hash table entries: 256 (order: 0, 4096 bytes)
[    0.000000] Built 1 zonelists, mobility grouping on.  Total pages: 257913
[    0.000000] Policy zone: DMA32
[    0.000000] Kernel command line: BOOT_IMAGE=/boot/vmlinuz-4.15.0-212-generic root=LABEL=cloudimg-rootfs ro console=tty1 console=ttyS0
[    0.000000] Memory: 982644K/1048120K available (12300K kernel code, 2477K rwdata, 4324K rodata, 2480K init, 2720K bss, 65476K reserved, 0K cma-reserved)
[    0.000000] SLUB: HWalign=64, Order=0-3, MinObjects=0, CPUs=2, Nodes=1
[    0.000000] ftrace: allocating 39508 entries in 155 pages
[    0.004000] Hierarchical RCU implementation.
[    0.004000] 	RCU restricting CPUs from NR_CPUS=8192 to nr_cpu_ids=2.
[    0.004000] 	Tasks RCU enabled.
[    0.004000] RCU: Adjusting geometry for rcu_fanout_leaf=16, nr_cpu_ids=2
[    0.004000] NR_IRQS: 524544, nr_irqs: 440, preallocated irqs: 16
[    0.004000] random: crng init done
[    0.004000] Console: colour VGA+ 80x25
[    0.004000] console [tty1] enabled
[    0.004000] console [ttyS0] enabled
[    0.004000] ACPI: Core revision 20170831
[    0.004000] ACPI: 2 ACPI AML tables successfully acquired and loaded
[    0.004000] APIC: Switch to symmetric I/O mode setup
[    0.004000] ..TIMER: vector=0x30 apic1=0 pin1=2 apic2=-1 pin2=-1
[    0.004000] tsc: Detected 1190.402 MHz processor
[    0.004000] Calibrating delay loop (skipped) preset value.. 2380.80 BogoMIPS (lpj=4761608)
[    0.004008] pid_max: default: 32768 minimum: 301
[    0.008095] Security Framework initialized
[    0.012004] Yama: becoming mindful.
[    0.016176] AppArmor: AppArmor initialized
[    0.026222] Dentry cache hash table entries: 131072 (order: 8, 1048576 bytes)
[    0.034085] Inode-cache hash table entries: 65536 (order: 7, 524288 bytes)
[    0.036095] Mount-cache hash table entries: 2048 (order: 2, 16384 bytes)
[    0.040090] Mountpoint-cache hash table entries: 2048 (order: 2, 16384 bytes)
[    0.048094] Last level iTLB entries: 4KB 0, 2MB 0, 4MB 0
[    0.052003] Last level dTLB entries: 4KB 0, 2MB 0, 4MB 0, 1GB 0
[    0.056005] Spectre V1 : Mitigation: usercopy/swapgs barriers and __user pointer sanitization
[    0.060005] Spectre V2 : Mitigation: Enhanced IBRS
[    0.064003] Spectre V2 : Spectre v2 / SpectreRSB mitigation: Filling RSB on context switch
[    0.068003] Spectre V2 : Spectre v2 / PBRSB-eIBRS: Retire a single CALL on VMEXIT
[    0.072003] RETBleed: Mitigation: Enhanced IBRS
[    0.076003] Speculative Store Bypass: Vulnerable
[    0.080063] MMIO Stale Data: Mitigation: Clear CPU buffers
[    0.084004] SRBDS: Unknown: Dependent on hypervisor status
[    0.088235] Freeing SMP alternatives memory: 36K
[    0.208729] smpboot: CPU0: Intel(R) Core(TM) i5-1035G1 CPU @ 1.00GHz (family: 0x6, model: 0x7e, stepping: 0x5)
[    0.212635] Performance Events: unsupported p6 CPU model 126 no PMU driver, software events only.
[    0.216187] Hierarchical SRCU implementation.
[    0.221146] NMI watchdog: Perf event create on CPU 0 failed with -2
[    0.224003] NMI watchdog: Perf NMI watchdog permanently disabled
[    0.228504] smp: Bringing up secondary CPUs ...
[    0.236576] x86: Booting SMP configuration:
[    0.240004] .... node  #0, CPUs:      #1
[    0.004000] kvm-clock: cpu 1, msr 0:3ff44041, secondary cpu clock
[    0.264000] TSC synchronization [CPU#0 -> CPU#1]:
[    0.264000] Measured 52953 cycles TSC warp between CPUs, turning off TSC clock.
[    0.264000] tsc: Marking TSC unstable due to check_tsc_sync_source failed
[    0.272374] smp: Brought up 1 node, 2 CPUs
[    0.276014] smpboot: Max logical packages: 1
[    0.280013] smpboot: Total of 2 processors activated (4761.60 BogoMIPS)
[    0.288907] devtmpfs: initialized
[    0.292140] x86/mm: Memory block size: 128MB
[    0.296501] evm: security.selinux
[    0.300004] evm: security.SMACK64
[    0.304009] evm: security.SMACK64EXEC
[    0.308006] evm: security.SMACK64TRANSMUTE
[    0.312009] evm: security.SMACK64MMAP
[    0.316006] evm: security.apparmor
[    0.320008] evm: security.ima
[    0.324008] evm: security.capability
[    0.332158] clocksource: jiffies: mask: 0xffffffff max_cycles: 0xffffffff, max_idle_ns: 7645041785100000 ns
[    0.336020] futex hash table entries: 512 (order: 3, 32768 bytes)
[    0.340282] pinctrl core: initialized pinctrl subsystem
[    0.348005] RTC time:  1:01:30, date: 07/15/24
[    0.356726] NET: Registered protocol family 16
[    0.360191] audit: initializing netlink subsys (disabled)
[    0.368133] audit: type=2000 audit(1721005295.266:1): state=initialized audit_enabled=0 res=1
[    0.388021] cpuidle: using governor ladder
[    0.392024] cpuidle: using governor menu
[    0.396140] ACPI: bus type PCI registered
[    0.400009] acpiphp: ACPI Hot Plug PCI Controller Driver version: 0.5
[    0.404788] PCI: Using configuration type 1 for base access
[    0.416301] HugeTLB registered 2.00 MiB page size, pre-allocated 0 pages
[    0.428595] ACPI: Added _OSI(Module Device)
[    0.432146] ACPI: Added _OSI(Processor Device)
[    0.436003] ACPI: Added _OSI(3.0 _SCP Extensions)
[    0.440009] ACPI: Added _OSI(Processor Aggregator Device)
[    0.444009] ACPI: Added _OSI(Linux-Dell-Video)
[    0.448012] ACPI: Added _OSI(Linux-Lenovo-NV-HDMI-Audio)
[    0.452013] ACPI: Added _OSI(Linux-HPI-Hybrid-Graphics)
[    0.460232] ACPI: Executed 1 blocks of module-level executable AML code
[    0.472466] ACPI: Interpreter enabled
[    0.476016] ACPI: (supports S0 S5)
[    0.480004] ACPI: Using IOAPIC for interrupt routing
[    0.484548] PCI: Using host bridge windows from ACPI; if necessary, use "pci=nocrs" and report a bug
[    0.488299] ACPI: Enabled 2 GPEs in block 00 to 07
[    0.504189] ACPI: PCI Root Bridge [PCI0] (domain 0000 [bus 00-ff])
[    0.508022] acpi PNP0A03:00: _OSC: OS supports [ASPM ClockPM Segments MSI]
[    0.513307] acpi PNP0A03:00: _OSC: not requesting OS control; OS requires [ExtendedConfig ASPM ClockPM MSI]
[    0.516018] acpi PNP0A03:00: fail to add MMCONFIG information, can't access extended PCI configuration space under this bridge.
[    0.521039] PCI host bridge to bus 0000:00
[    0.524005] pci_bus 0000:00: root bus resource [io  0x0000-0x0cf7 window]
[    0.528005] pci_bus 0000:00: root bus resource [io  0x0d00-0xffff window]
[    0.532005] pci_bus 0000:00: root bus resource [mem 0x000a0000-0x000bffff window]
[    0.536005] pci_bus 0000:00: root bus resource [mem 0x40000000-0xfdffffff window]
[    0.540005] pci_bus 0000:00: root bus resource [bus 00-ff]
[    0.558940] pci 0000:00:01.1: legacy IDE quirk: reg 0x10: [io  0x01f0-0x01f7]
[    0.560006] pci 0000:00:01.1: legacy IDE quirk: reg 0x14: [io  0x03f6]
[    0.564005] pci 0000:00:01.1: legacy IDE quirk: reg 0x18: [io  0x0170-0x0177]
[    0.568004] pci 0000:00:01.1: legacy IDE quirk: reg 0x1c: [io  0x0376]
[    0.604221] pci 0000:00:07.0: quirk: [io  0x4000-0x403f] claimed by PIIX4 ACPI
[    0.608062] pci 0000:00:07.0: quirk: [io  0x4100-0x410f] claimed by PIIX4 SMB
[    0.629942] ACPI: PCI Interrupt Link [LNKA] (IRQs 5 9 10 *11)
[    0.632632] ACPI: PCI Interrupt Link [LNKB] (IRQs 5 9 *10 11)
[    0.636255] ACPI: PCI Interrupt Link [LNKC] (IRQs 5 *9 10 11)
[    0.640224] ACPI: PCI Interrupt Link [LNKD] (IRQs 5 9 10 *11)
[    0.648529] SCSI subsystem initialized
[    0.652249] pci 0000:00:02.0: vgaarb: setting as boot VGA device
[    0.656000] pci 0000:00:02.0: vgaarb: VGA device added: decodes=io+mem,owns=io+mem,locks=none
[    0.656015] pci 0000:00:02.0: vgaarb: bridge control possible
[    0.660006] vgaarb: loaded
[    0.664165] ACPI: bus type USB registered
[    0.668027] usbcore: registered new interface driver usbfs
[    0.672054] usbcore: registered new interface driver hub
[    0.676020] usbcore: registered new device driver usb
[    0.684290] EDAC MC: Ver: 3.0.0
[    0.688832] PCI: Using ACPI for IRQ routing
[    0.692965] NetLabel: Initializing
[    0.696003] NetLabel:  domain hash size = 128
[    0.700002] NetLabel:  protocols = UNLABELED CIPSOv4 CALIPSO
[    0.704020] NetLabel:  unlabeled traffic allowed by default
[    0.708250] clocksource: Switched to clocksource kvm-clock
[    0.743215] VFS: Disk quotas dquot_6.6.0
[    0.743215] VFS: Dquot-cache hash table entries: 512 (order 0, 4096 bytes)
[    0.743215] AppArmor: AppArmor Filesystem Enabled
[    0.743215] pnp: PnP ACPI init
[    0.743215] pnp: PnP ACPI: found 3 devices
[    0.856446] clocksource: acpi_pm: mask: 0xffffff max_cycles: 0xffffff, max_idle_ns: 2085701024 ns
[    0.860357] NET: Registered protocol family 2
[    0.860357] IP idents hash table entries: 16384 (order: 5, 131072 bytes)
[    0.888628] TCP established hash table entries: 8192 (order: 4, 65536 bytes)
[    0.899691] TCP bind hash table entries: 8192 (order: 5, 131072 bytes)
[    0.903263] TCP: Hash tables configured (established 8192 bind 8192)
[    0.903263] UDP hash table entries: 512 (order: 2, 16384 bytes)
[    0.903263] UDP-Lite hash table entries: 512 (order: 2, 16384 bytes)
[    0.903263] NET: Registered protocol family 1
[    0.903263] pci 0000:00:00.0: Limiting direct PCI/PCI transfers
[    0.903263] pci 0000:00:01.0: Activating ISA DMA hang workarounds
[    0.981544] pci 0000:00:02.0: Video device with shadowed ROM at [mem 0x000c0000-0x000dffff]
[    0.985019] Unpacking initramfs...
[    1.686099] Freeing initrd memory: 19528K
[    1.690521] clocksource: tsc: mask: 0xffffffffffffffff max_cycles: 0x1128b0cf317, max_idle_ns: 440795227453 ns
[    1.705115] platform rtc_cmos: registered platform RTC device (no PNP device found)
[    1.715299] Scanning for low memory corruption every 60 seconds
[    1.726669] Initialise system trusted keyrings
[    1.732616] Key type blacklist registered
[    1.739118] workingset: timestamp_bits=36 max_order=18 bucket_order=0
[    1.751461] zbud: loaded
[    1.756922] squashfs: version 4.0 (2009/01/31) Phillip Lougher
[    1.765721] fuse init (API version 7.26)
[    1.823020] Key type asymmetric registered
[    1.831265] Asymmetric key parser 'x509' registered
[    1.839449] Block layer SCSI generic (bsg) driver version 0.4 loaded (major 246)
[    1.851933] io scheduler noop registered
[    1.856922] io scheduler deadline registered
[    1.862277] io scheduler cfq registered (default)
[    1.869165] ACPI: AC Adapter [AC] (on-line)
[    1.875051] input: Power Button as /devices/LNXSYSTM:00/LNXPWRBN:00/input/input0
[    1.885568] ACPI: Power Button [PWRF]
[    1.890987] input: Sleep Button as /devices/LNXSYSTM:00/LNXSLPBN:00/input/input1
[    1.901541] ACPI: Sleep Button [SLPF]
[    1.911571] ACPI: Battery Slot [BAT0] (battery present)
[    1.920894] Serial: 8250/16550 driver, 32 ports, IRQ sharing enabled
[    1.961010] 00:02: ttyS0 at I/O 0x3f8 (irq = 4, base_baud = 115200) is a 16550A
[    1.993316] Linux agpgart interface v0.103
[    2.028829] loop: module loaded
[    2.045561] scsi host0: ata_piix
[    2.055920] scsi host1: ata_piix
[    2.061365] ata1: PATA max UDMA/33 cmd 0x1f0 ctl 0x3f6 bmdma 0xd000 irq 14
[    2.065203] ata2: PATA max UDMA/33 cmd 0x170 ctl 0x376 bmdma 0xd008 irq 15
[    2.077863] tun: Universal TUN/TAP device driver, 1.6
[    2.086893] PPP generic driver version 2.4.2
[    2.093306] ehci_hcd: USB 2.0 'Enhanced' Host Controller (EHCI) Driver
[    2.112823] ehci-pci: EHCI PCI platform driver
[    2.120735] ehci-platform: EHCI generic platform driver
[    2.128419] ohci_hcd: USB 1.1 'Open' Host Controller (OHCI) Driver
[    2.136943] ohci-pci: OHCI PCI platform driver
[    2.144029] ohci-platform: OHCI generic platform driver
[    2.159003] uhci_hcd: USB Universal Host Controller Interface driver
[    2.177052] i8042: PNP: PS/2 Controller [PNP0303:PS2K,PNP0f03:PS2M] at 0x60,0x64 irq 1,12
[    2.207833] serio: i8042 KBD port at 0x60,0x64 irq 1
[    2.216936] serio: i8042 AUX port at 0x60,0x64 irq 12
[    2.226053] mousedev: PS/2 mouse device common for all mice
[    2.239774] rtc_cmos rtc_cmos: rtc core: registered rtc_cmos as rtc0
[    2.248933] rtc_cmos rtc_cmos: alarms up to one day, 114 bytes nvram
[    2.257338] i2c /dev entries driver
[    2.262467] device-mapper: uevent: version 1.0.3
[    2.269135] device-mapper: ioctl: 4.37.0-ioctl (2017-09-20) initialised: dm-devel@redhat.com
[    2.312700] ledtrig-cpu: registered to indicate activity on CPUs
[    2.320853] input: AT Translated Set 2 keyboard as /devices/platform/i8042/serio0/input/input2
[    2.332685] NET: Registered protocol family 10
[    2.349238] Segment Routing with IPv6
[    2.353538] NET: Registered protocol family 17
[    2.358942] Key type dns_resolver registered
[    2.364923] mce: Using 0 MCE banks
[    2.369040] RAS: Correctable Errors collector initialized.
[    2.375237] sched_clock: Marking stable (2375157490, 0)->(3640297732, -1265140242)
[    2.391306] registered taskstats version 1
[    2.397240] Loading compiled-in X.509 certificates
[    2.407620] Loaded X.509 cert 'Build time autogenerated kernel key: b5b26778eaa3ab3a4a6cee031137706e947d12ad'
[    2.420937] Loaded X.509 cert 'Canonical Ltd. Live Patch Signing: 14df34d1a87cf37625abec039ef2bf521249b969'
[    2.434188] Loaded X.509 cert 'Canonical Ltd. Kernel Module Signing: 88f752e560a1e0737e31163a466ad7b70a850c19'
[    2.446853] blacklist: Loading compiled-in revocation X.509 certificates
[    2.456005] Loaded X.509 cert 'Canonical Ltd. Secure Boot Signing: 61482aa2830d0ab2ad5af10b7250da9033ddcef0'
[    2.467259] Loaded X.509 cert 'Canonical Ltd. Secure Boot Signing (2017): 242ade75ac4a15e50d50c84b0d45ff3eae707a03'
[    2.478634] Loaded X.509 cert 'Canonical Ltd. Secure Boot Signing (ESM 2018): 365188c1d374d6b07c3c8f240f8ef722433d6a8b'
[    2.489861] Loaded X.509 cert 'Canonical Ltd. Secure Boot Signing (2019): c0746fd6c5da3ae827864651ad66ae47fe24b3e8'
[    2.500682] Loaded X.509 cert 'Canonical Ltd. Secure Boot Signing (2021 v1): a8d54bbb3825cfb94fa13c9f8a594a195c107b8d'
[    2.511250] Loaded X.509 cert 'Canonical Ltd. Secure Boot Signing (2021 v2): 4cf046892d6fd3c9a5b03f98d845f90851dc6a8c'
[    2.522149] Loaded X.509 cert 'Canonical Ltd. Secure Boot Signing (2021 v3): 100437bb6de6e469b581e61cd66bce3ef4ed53af'
[    2.537239] Loaded X.509 cert 'Canonical Ltd. Secure Boot Signing (Ubuntu Core 2019): c1d57b8f6b743f23ee41f4f7ee292f06eecadfb9'
[    2.553483] zswap: loaded using pool lzo/zbud
[    2.573384] Key type big_key registered
[    2.577792] Key type trusted registered
[    2.587724] Key type encrypted registered
[    2.593032] AppArmor: AppArmor sha1 policy hashing enabled
[    2.598931] ima: No TPM chip found, activating TPM-bypass! (rc=-19)
[    2.606354] ima: Allocated hash algorithm: sha1
[    2.611722] evm: HMAC attrs: 0x1
[    2.618032]   Magic number: 0:198:3
[    2.624610] rtc_cmos rtc_cmos: setting system clock to 2024-07-15 01:01:32 UTC (1721005292)
[    2.636447] BIOS EDD facility v0.16 2004-Jun-25, 0 devices found
[    2.645572] EDD information not available.
[    2.653859] Freeing unused kernel image memory: 2480K
[    2.676725] Write protecting the kernel read-only data: 20480k
[    2.686689] Freeing unused kernel image memory: 2008K
[    2.695237] Freeing unused kernel image memory: 1820K
[    2.707069] x86/mm: Checked W+X mappings: passed, no W+X pages found.
Loading, please wait...
starting version 237
[    2.829796] e1000: Intel(R) PRO/1000 Network Driver - version 7.3.21-k8-NAPI
[    2.836543] e1000: Copyright (c) 1999-2006 Intel Corporation.
[    2.866027] Fusion MPT base driver 3.04.20
[    2.871488] Copyright (c) 1999-2008 LSI Corporation
[    2.920866] SSE version of gcm_enc/dec engaged.
[    2.953037] Fusion MPT SPI Host driver 3.04.20
[    3.138431] input: ImExPS/2 Generic Explorer Mouse as /devices/platform/i8042/serio1/input/input4
[    3.740637] e1000 0000:00:03.0 eth0: (PCI:33MHz:32-bit) 02:3b:7b:b7:3b:2d
[    3.751846] e1000 0000:00:03.0 eth0: Intel(R) PRO/1000 Network Connection
[    3.765627] mptbase: ioc0: Initiating bringup
[    3.889333] ioc0: LSI53C1030 A0: Capabilities={Initiator}
[    4.161534] scsi host2: ioc0: LSI53C1030 A0, FwRev=00000000h, Ports=1, MaxQ=256, IRQ=20
[    4.346484] scsi 2:0:0:0: Direct-Access     VBOX     HARDDISK         1.0  PQ: 0 ANSI: 5
[    4.393016] scsi target2:0:0: Beginning Domain Validation
[    4.471013] scsi target2:0:0: Domain Validation skipping write tests
[    4.482012] scsi target2:0:0: Ending Domain Validation
[    4.492996] scsi target2:0:0: asynchronous
[    4.508843] scsi 2:0:1:0: Direct-Access     VBOX     HARDDISK         1.0  PQ: 0 ANSI: 5
[    4.880461] scsi target2:0:1: Beginning Domain Validation
[    4.897378] scsi target2:0:1: Domain Validation skipping write tests
[    4.907439] scsi target2:0:1: Ending Domain Validation
[    4.923659] scsi target2:0:1: asynchronous
[    4.948996] sd 2:0:0:0: Attached scsi generic sg0 type 0
[    4.955947] sd 2:0:1:0: Attached scsi generic sg1 type 0
[    4.965032] sd 2:0:1:0: [sdb] 20480 512-byte logical blocks: (10.5 MB/10.0 MiB)
[    4.975467] sd 2:0:1:0: [sdb] Write Protect is off
[    4.981696] sd 2:0:0:0: [sda] 83886080 512-byte logical blocks: (42.9 GB/40.0 GiB)
[    4.992881] sd 2:0:1:0: [sdb] Incomplete mode parameter data
[    4.999628] sd 2:0:1:0: [sdb] Assuming drive cache: write through
[    5.007289] sd 2:0:0:0: [sda] Write Protect is off
[    5.014112] sd 2:0:0:0: [sda] Incomplete mode parameter data
[    5.020886] sd 2:0:0:0: [sda] Assuming drive cache: write through
[    5.038101] sd 2:0:1:0: [sdb] Attached SCSI disk
[    5.046360]  sda: sda1
[    5.053231] sd 2:0:0:0: [sda] Attached SCSI disk
[    5.267725] e1000 0000:00:08.0 eth1: (PCI:33MHz:32-bit) 08:00:27:d7:5a:3b
[    5.277983] e1000 0000:00:08.0 eth1: Intel(R) PRO/1000 Network Connection
[    5.299452] e1000 0000:00:08.0 enp0s8: renamed from eth1
[    5.321722] e1000 0000:00:03.0 enp0s3: renamed from eth0
Begin: Loading essential drivers ... [    7.904599] raid6: sse2x1   gen() 13364 MB/s
[    7.960488] raid6: sse2x1   xor()  4645 MB/s
[    8.012094] raid6: sse2x2   gen()  9919 MB/s
[    8.064229] raid6: sse2x2   xor()  6016 MB/s
[    8.116869] raid6: sse2x4   gen() 15092 MB/s
[    8.168197] raid6: sse2x4   xor()  7552 MB/s
[    8.174504] raid6: using algorithm sse2x4 gen() 15092 MB/s
[    8.180874] raid6: .... xor() 7552 MB/s, rmw enabled
[    8.186344] raid6: using ssse3x2 recovery algorithm
[    8.194482] xor: measuring software checksum speed
[   14.077323]    prefetch64-sse: -261401.-296 MB/sec
[   14.195031]    generic_sse: 43655.000 MB/sec
[   14.206003] xor: using function: generic_sse (43655.000 MB/sec)
[   14.220630] async_tx: api initialized (async)
done.
Begin: Running /scripts/init-premount ... done.
Begin: Mounting root file system ... Begin: Running /scripts/local-top ... done.
Begin: Running /scripts/local-premount ... [   14.341038] Btrfs loaded, crc32c=crc32c-intel
Scanning for Btrfs filesystems
done.
Warning: fsck not present, so skipping root file system
[   14.449626] EXT4-fs (sda1): mounted filesystem with ordered data mode. Opts: (null)
done.
Begin: Running /scripts/local-bottom ... done.
Begin: Running /scripts/init-bottom ... done.
[   14.811404] ip_tables: (C) 2000-2006 Netfilter Core Team
[   14.843757] systemd[1]: systemd 237 running in system mode. (+PAM +AUDIT +SELINUX +IMA +APPARMOR +SMACK +SYSVINIT +UTMP +LIBCRYPTSETUP +GCRYPT +GNUTLS +ACL +XZ +LZ4 +SECCOMP +BLKID +ELFUTILS +KMOD -IDN2 +IDN -PCRE2 default-hierarchy=hybrid)
[   14.863240] systemd[1]: Detected virtualization oracle.
[   14.868668] systemd[1]: Detected architecture x86-64.

Welcome to [1mUbuntu 18.04.6 LTS[0m!

[   14.911978] systemd[1]: Set hostname to <ubuntu>.
[   14.931583] systemd[1]: Initializing machine ID from random generator.
[   14.938610] systemd[1]: Installed transient /etc/machine-id file.
[   15.575848] systemd[1]: Created slice System Slice.
[[0;32m  OK  [0m] Created slice System Slice.
[   15.587279] systemd[1]: Listening on Syslog Socket.
[[0;32m  OK  [0m] Listening on Syslog Socket.
[   15.596534] systemd[1]: Reached target Mounting snaps.
[[0;32m  OK  [0m] Reached target Mounting snaps.
[   15.606894] systemd[1]: Reached target Swap.
[[0;32m  OK  [0m] Reached target Swap.
[[0;32m  OK  [0m] Listening on Journal Socket.
[[0;32m  OK  [0m] Reached target System Time Synchronized.
         Mounting Kernel Debug File System...
[[0;32m  OK  [0m] Listening on /dev/initctl Compatibility Named Pipe.
         Starting Create list of required st…ce nodes for the current kernel...
         Starting Set the console keyboard layout...
         Mounting POSIX Message Queue File System...
[[0;32m  OK  [0m] Reached target User and Group Name Lookups.
[[0;32m  OK  [0m] Listening on udev Kernel Socket.
[[0;32m  OK  [0m] Listening on fsck to fsckd communication Socket.
         Starting File System Check on Root Device...
[[0;32m  OK  [0m] Listening on LVM2 metadata daemon socket.
[[0;32m  OK  [0m] Listening on Network Service Netlink Socket.
[[0;32m  OK  [0m] Created slice system-serial\x2dgetty.slice.
         Mounting Huge Pages File System...
[[0;32m  OK  [0m] Listening on LVM2 poll daemon socket.
[[0;32m  OK  [0m] Listening on Journal Socket (/dev/log).
         Starting Load Kernel Modules...
[[0;32m  OK  [0m] Listening on udev Control Socket.
         Starting udev Coldplug all Devices...
[[0;32m  OK  [0m] Set up automount Arbitrary Executab…rmats File System Automount Point.
[[0;32m  OK  [0m] Listening on Journal Audit Socket.
         Starting Journal Service...
[[0;32m  OK  [0m] Reached target Mounted snaps.
[   15.808577] Loading iSCSI transport class v2.0-870.
[[0;32m  OK  [0m] Listening on Device-mapper event daemon FIFOs.
         Starting Monitoring of LVM2 mirrors…ng dmeventd or progress polling...
[[0;32m  OK  [0m] Created slice User and Session Slice.
[[0;32m  OK  [0m] Reached target Slices.
[[0;32m  OK  [0m] Started Forward Password Requests to Wall Directory Watch.
         Starting Uncomplicated firewall...
[[0;32m  OK  [0m] Mounted Kernel Debug File System.
[[0;32m  OK  [0m] Started Create list of required sta…vice nodes for the current kernel.
[[0;32m  OK  [0m] Mounted POSIX Message Queue File System.
[[0;32m  OK  [0m] Started File System Check on Root Device.
[[0;32m  OK  [0m] Mounted Huge Pages File System.
[[0;32m  OK  [0m] Started File System Check Daemon to report status.
         Starting Remount Root and Kernel File Systems...
         Starting Create Static Device Nodes in /dev...
[[0;32m  OK  [0m] Started Uncomplicated firewall.
[[0;32m  OK  [0m] Started LVM2 metadata daemon.
[[0;32m  OK  [0m] Started udev Coldplug all Devices.
[[0;32m  OK  [0m] Started Create Static Device Nodes in /dev.
[   16.088988] iscsi: registered transport (tcp)
[[0;32m  OK  [0m] Started Journal Service.
[   16.113127] EXT4-fs (sda1): re-mounted. Opts: (null)
[[0;32m  OK  [0m] Started Remount Root and Kernel File Systems.
         Starting udev Kernel Device Manager...
         Starting Flush Journal to Persistent Storage...
         Starting Load/Save Random Seed...
[   16.171061] systemd-journald[424]: Received request to flush runtime journal from PID 1
[[0;32m  OK  [0m] Started Monitoring of LVM2 mirrors,…sing dmeventd or progress polling.
[[0;32m  OK  [0m] Started Load/Save Random Seed.
[[0;32m  OK  [0m] Started udev Kernel Device Manager.
[[0;32m  OK  [0m] Started Flush Journal to Persistent Storage.
[   16.431183] iscsi: registered transport (iser)
[[0;32m  OK  [0m] Started Load Kernel Modules.
         Starting Apply Kernel Variables...
         Mounting Kernel Configuration File System...
         Mounting FUSE Control File System...
[[0;32m  OK  [0m] Mounted FUSE Control File System.
[[0;32m  OK  [0m] Mounted Kernel Configuration File System.
[[0;32m  OK  [0m] Started Apply Kernel Variables.
[[0;32m  OK  [0m] Found device /dev/ttyS0.
[[0;32m  OK  [0m] Listening on Load/Save RF Kill Switch Status /dev/rfkill Watch.
[[0;32m  OK  [0m] Started Set the console keyboard layout.
         Mounting Arbitrary Executable File Formats File System...
[[0;32m  OK  [0m] Started Dispatch Password Requests to Console Directory Watch.
[[0;32m  OK  [0m] Reached target Local Encrypted Volumes.
[[0;32m  OK  [0m] Reached target Local File Systems (Pre).
[[0;32m  OK  [0m] Reached target Local File Systems.
         Starting Set console font and keymap...
         Starting Create Volatile Files and Directories...
         Starting Commit a transient machine-id on disk...
         Starting AppArmor initialization...
         Starting ebtables ruleset management...
         Starting Tell Plymouth To Write Out Runtime Data...
[[0;32m  OK  [0m] Mounted Arbitrary Executable File Formats File System.
[[0;32m  OK  [0m] Started Tell Plymouth To Write Out Runtime Data.
[[0;32m  OK  [0m] Started Create Volatile Files and Directories.
         Starting Update UTMP about System Boot/Shutdown...
[[0;32m  OK  [0m] Started Update UTMP about System Boot/Shutdown.
[[0;32m  OK  [0m] Started Commit a transient machine-id on disk.
[[0;32m  OK  [0m] Started ebtables ruleset management.
[[0;32m  OK  [0m] Started AppArmor initialization.
         Starting Initial cloud-init job (pre-networking)...
         Starting Load AppArmor profiles managed internally by snapd...
[[0;32m  OK  [0m] Started Load AppArmor profiles managed internally by snapd.
[[0;32m  OK  [0m] Started Set console font and keymap.
[   21.741627] cloud-init[759]: Cloud-init v. 23.1.2-0ubuntu0~18.04.1 running 'init-local' at Mon, 15 Jul 2024 01:01:50 +0000. Up 21.08 seconds.
[[0;32m  OK  [0m] Started Initial cloud-init job (pre-networking).
[[0;32m  OK  [0m] Reached target Network (Pre).
         Starting Network Service...
[[0;32m  OK  [0m] Started Network Service.
         Starting Network Name Resolution...
         Starting Wait for Network to be Configured...
[[0;32m  OK  [0m] Started Network Name Resolution.
[[0;32m  OK  [0m] Reached target Network.
[[0;32m  OK  [0m] Reached target Host and Network Name Lookups.
[[0;32m  OK  [0m] Started Wait for Network to be Configured.
         Starting Initial cloud-init job (metadata service crawler)...
[   23.993692] cloud-init[929]: Cloud-init v. 23.1.2-0ubuntu0~18.04.1 running 'init' at Mon, 15 Jul 2024 01:01:53 +0000. Up 23.81 seconds.
[   24.000823] cloud-init[929]: ci-info: ++++++++++++++++++++++++++++++++++++++Net device info+++++++++++++++++++++++++++++++++++++++
[   24.006167] cloud-init[929]: ci-info: +--------+-------+----------------------------+---------------+--------+-------------------+
[   24.010487] cloud-init[929]: ci-info: | Device |   Up  |          Address           |      Mask     | Scope  |     Hw-Address    |
[   24.015394] cloud-init[929]: ci-info: +--------+-------+----------------------------+---------------+--------+-------------------+
[   24.020882] cloud-init[929]: ci-info: | enp0s3 |  True |         10.0.2.15          | 255.255.255.0 | global | 02:3b:7b:b7:3b:2d |
[   24.025997] cloud-init[929]: ci-info: | enp0s3 |  True | fe80::3b:7bff:feb7:3b2d/64 |       .       |  link  | 02:3b:7b:b7:3b:2d |
[   24.031068] cloud-init[929]: ci-info: | enp0s8 | False |             .              |       .       |   .    | 08:00:27:d7:5a:3b |
[   24.036556] cloud-init[929]: ci-info: |   lo   |  True |         127.0.0.1          |   255.0.0.0   |  host  |         .         |
[   24.041766] cloud-init[929]: ci-info: |   lo   |  True |          ::1/128           |       .       |  host  |         .         |
[   24.047024] cloud-init[929]: ci-info: +--------+-------+----------------------------+---------------+--------+-------------------+
[   24.052757] cloud-init[929]: ci-info: ++++++++++++++++++++++++++++Route IPv4 info+++++++++++++++++++++++++++++
[   24.057394] cloud-init[929]: ci-info: +-------+-------------+----------+-----------------+-----------+-------+
[   24.061932] cloud-init[929]: ci-info: | Route | Destination | Gateway  |     Genmask     | Interface | Flags |
[   24.066486] cloud-init[929]: ci-info: +-------+-------------+----------+-----------------+-----------+-------+
[   24.071489] cloud-init[929]: ci-info: |   0   |   0.0.0.0   | 10.0.2.2 |     0.0.0.0     |   enp0s3  |   UG  |
[   24.077624] cloud-init[929]: ci-info: |   1   |   10.0.2.0  | 0.0.0.0  |  255.255.255.0  |   enp0s3  |   U   |
[   24.083553] cloud-init[929]: ci-info: |   2   |   10.0.2.2  | 0.0.0.0  | 255.255.255.255 |   enp0s3  |   UH  |
[   24.088667] cloud-init[929]: ci-info: +-------+-------------+----------+-----------------+-----------+-------+
[   24.093700] cloud-init[929]: ci-info: +++++++++++++++++++Route IPv6 info+++++++++++++++++++
[   24.097555] cloud-init[929]: ci-info: +-------+-------------+---------+-----------+-------+
[   24.101009] cloud-init[929]: ci-info: | Route | Destination | Gateway | Interface | Flags |
[   24.104865] cloud-init[929]: ci-info: +-------+-------------+---------+-----------+-------+
[   24.108500] cloud-init[929]: ci-info: |   1   |  fe80::/64  |    ::   |   enp0s3  |   U   |
[   24.111961] cloud-init[929]: ci-info: |   3   |    local    |    ::   |   enp0s3  |   U   |
[   24.116292] cloud-init[929]: ci-info: |   4   |   ff00::/8  |    ::   |   enp0s3  |   U   |
[   24.120270] cloud-init[929]: ci-info: +-------+-------------+---------+-----------+-------+
[   25.578211] cloud-init[929]: Generating public/private rsa key pair.
[   25.582167] cloud-init[929]: Your identification has been saved in /etc/ssh/ssh_host_rsa_key.
[   25.587682] cloud-init[929]: Your public key has been saved in /etc/ssh/ssh_host_rsa_key.pub.
[   25.593178] cloud-init[929]: The key fingerprint is:
[   25.595955] cloud-init[929]: SHA256:k72PLZ94VDUWJ/+/Xz/tmi14+u+HDC0jI0z0oA5tG3c root@ubuntu-bionic
[   25.600845] cloud-init[929]: The key's randomart image is:
[   25.603376] cloud-init[929]: +---[RSA 2048]----+
[   25.606256] cloud-init[929]: |              ..o|
[   25.608646] cloud-init[929]: |        o      =o|
[   25.611182] cloud-init[929]: |     . o o    ..o|
[   25.614632] cloud-init[929]: |    . = ooE   . .|
[   25.619063] cloud-init[929]: |     + *S..  o  .|
[   25.623821] cloud-init[929]: |      o o.o.= . .|
[   25.626506] cloud-init[929]: |         ..+ * .+|
[   25.628831] cloud-init[929]: |          .=o.=+*|
[   25.630973] cloud-init[929]: |          o+*++B@|
[   25.633787] cloud-init[929]: +----[SHA256]-----+
[   25.644953] cloud-init[929]: Generating public/private dsa key pair.
[   25.653814] cloud-init[929]: Your identification has been saved in /etc/ssh/ssh_host_dsa_key.
[   25.663558] cloud-init[929]: Your public key has been saved in /etc/ssh/ssh_host_dsa_key.pub.
[   25.680988] cloud-init[929]: The key fingerprint is:
[   25.690949] cloud-init[929]: SHA256:R9j7YtGvxlwhRen+eNjrRaNzfEsy9nkfL1RvViMPH5M root@ubuntu-bionic
[   25.703092] cloud-init[929]: The key's randomart image is:
[   25.707735] cloud-init[929]: +---[DSA 1024]----+
[   25.711144] cloud-init[929]: |             ... |
[   25.716045] cloud-init[929]: |         o    o  |
[   25.721665] cloud-init[929]: |        . o  o  .|
[   25.726612] cloud-init[929]: |         . o.ooEo|
[   25.730950] cloud-init[929]: |        S + .o=+B|
[   25.734823] cloud-init[929]: |         . o .*+=|
[   25.739444] cloud-init[929]: |          oo.O.%o|
[   25.744125] cloud-init[929]: |         . .=.@ %|
[   25.749699] cloud-init[929]: |           .. .O*|
[   25.754165] cloud-init[929]: +----[SHA256]-----+
[   25.758529] cloud-init[929]: Generating public/private ecdsa key pair.
[   25.763269] cloud-init[929]: Your identification has been saved in /etc/ssh/ssh_host_ecdsa_key.
[   25.770373] cloud-init[929]: Your public key has been saved in /etc/ssh/ssh_host_ecdsa_key.pub.
[   25.775238] cloud-init[929]: The key fingerprint is:
[   25.778800] cloud-init[929]: SHA256:MflwgEe42TdcM0Mrf9KBE+JR5nOj0SexjVMpzH43s0g root@ubuntu-bionic
[[0;32m  OK  [0m] Started Initial cloud-init job (metadata service crawler).
[[0;32m  OK  [0m] Reached target Network is Online.
[   25.800920] cloud-init[929]: The key's randomart image is:
[[0;32m  OK  [0m] Reached target Remote File Systems (Pre).
[[0;32m  OK  [0m] Reached target Remote File Systems.
[   25.821824]          Starting Availability of block devices...
[[0;32m  OK  [0m] Reached target System Initialization.
         Starting LXD - unix socket.
[[0;32m  OK  [0m] Listening on D-Bus System Message Bus Socket.
[[0;32m  OK  [0m] Started Daily apt download activities.
[[0;32m  OK  [0m] Listening on Open-iSCSI iscsid Socket.
[[0;32m  OK  [0m] Listening on ACPID Listen Socket.
[[0;32m  OK  [0m] Started Ubuntu Advantage Timer for running repeated jobs.
[[0;32m  OK  [0m] Started ACPI Events Check.
[[0;32m  OK  [0m] Reached target Paths.
[[0;32m  OK  [0m] Started Daily apt upgrade and clean activities.
[[0;32m  OK  [0m] Listening on cloud-init hotplug hook socket.
[[0;32m  OK  [0m] Started Message of the Day.
[[0;32m  OK  [0m] Started Discard unused blocks once a week.
[[0;32m  OK  [0m] Listening on UUID daemon activation socket.
[[0;32m  OK  [0m] Started Daily Cleanup of Temporary Directories.
         Starting Socket activation for snappy daemon.
[[0;32m  OK  [0m] Reached target Timers.
[[0;32m  OK  [0m] Reached target Cloud-config availability.
[[0;32m  OK  [0m] Started Availability of block devices.
[[0;32m  OK  [0m] Listening on LXD - unix socket.
[[0;32m  OK  [0m] Listening on Socket activation for snappy daemon.
[[0;32m  OK  [0m] Reached target Sockets.
[[0;32m  OK  [0m] Reached target Basic System.
         Starting Virtualbox guest utils...
         Starting Accounts Service...
[[0;32m  OK  [0m] Started Deferred execution scheduler.
[[0;32m  OK  [0m] Reached target Login Prompts (Pre).
         Starting System Logging Service...
cloud-init[929]: +---[ECDSA 256]---+         Starting Login Service...

         Starting Pollinate to seed the pseudo random number generator...
[[0;32m  OK  [0m] Started Regular background program processing daemon.
         Starting LSB: Record successful boot for GRUB...
[[0;32m  OK  [0m] Started D-Bus System Message Bus.
[   25.949113] cloud-init[929]: |       +o ooB . o|
[   25.957841] cloud-init[929]: |      o .+ ==O B |
[   25.963194] cloud-init[929]: |       ==.+.O+@ o|
[   25.965825] cloud-init[929]: |      o .*+o E X.|
[   25.968739] cloud-init[929]: |        S...= = =|
[   25.972451] cloud-init[929]: |             + . |
[   25.975047] cloud-init[929]: |                 |
[   25.980807] cloud-init[929]: |                 |
[   25.990757] cloud-init[929]: |                 |
[   25.996999] cloud-init[929]: +----[SHA256]-----+
[   26.002730] cloud-init[929]: Generating public/private ed25519 key pair.
[   26.018964] cloud-init[929]: Your identification has been saved in /etc/ssh/ssh_host_ed25519_key.
[   26.028881] cloud-init[929]: Your public key has been saved in /etc/ssh/ssh_host_ed25519_key.pub.
[   26.038949] cloud-init[929]: The key fingerprint is:
[   26.047019] cloud-init[929]: SHA256:kLUhDGDjk6EtG8nR6EKG/RlhJe8P+7rlM2vN89jtQJw root@ubuntu-bionic
[   26.066305] cloud-init[929]: The key's randomart image is:
[   26.082927] cloud-init[929]: +--[ED25519 256]--+
[   26.095098] cloud-init[929]: |.oB.==o o        |
[   26.117865] cloud-init[929]: |oXo*.o.+ o       |
[   26.131193] cloud-init[929]: |O.=. o+ .        |
[   26.155913] cloud-init[929]: |.= .o. .   . .   |
[   26.171850] cloud-init[929]: |o     o S   E    |
[[0;32m  OK  [0m] Started irqbalance daemon.
[   26.247628] cloud-init         Starting Dispatcher daemon for systemd-networkd...
         Starting LSB: automatic crash report generation...
[929]: |       +   .     |         Starting LXD - container startup/shutdown...
         Starting Permit User Sessions...
[[0;32m  OK  [0m] Started FUSE filesystem for LXC.

[   26.323108] cloud-init[929]: |      . oo  .    |
[   26.343785] cloud-init[929]:          Starting Snap Daemon...
[[0;32m  OK  [0m] Started System Logging Service.
|       ++ +o o   |
[   26.377027] cloud-init[929]: |      o+++.oo.o  |
[   26.415148] cloud-init[929]: +----[SHA256]-----+
[[0;32m  OK  [0m] Started Permit User Sessions.
[[0;32m  OK  [0m] Started Login Service.
[[0;32m  OK  [0m] Started Unattended Upgrades Shutdown.
         Starting Hold until boot process finishes up...
         Starting Terminate Plymouth Boot Screen...
         Starting Authorization Manager...
[[0;32m  OK  [0m] Started Terminate Plymouth Boot Screen.
[[0;32m  OK  [0m] Started Hold until boot process finishes up.
[[0;32m  OK  [0m] Started Serial Getty on ttyS0.
         Starting Set console scheme...
[[0;32m  OK  [0m] Started Set console scheme.
[[0;32m  OK  [0m] Created slice system-getty.slice.
[[0;32m  OK  [0m] Started Getty on tty1.
[[0;32m  OK  [0m] Reached target Login Prompts.
[[0;32m  OK  [0m] Started Authorization Manager.
[[0;32m  OK  [0m] Started LSB: automatic crash report generation.
[[0;32m  OK  [0m] Started Accounts Service.
[[0;32m  OK  [0m] Started LSB: Record successful boot for GRUB.
[[0;32m  OK  [0m] Started Virtualbox guest utils.
[[0;32m  OK  [0m] Started Dispatcher daemon for systemd-networkd.
[[0;32m  OK  [0m] Started LXD - container startup/shutdown.
[[0;32m  OK  [0m] Started Snap Daemon.
         Starting Wait until snapd is fully seeded...
[[0;32m  OK  [0m] Started Pollinate to seed the pseudo random number generator.
         Starting OpenBSD Secure Shell server...
[[0;32m  OK  [0m] Started OpenBSD Secure Shell server.
[[0;32m  OK  [0m] Created slice User Slice of vagrant.
[[0;32m  OK  [0m] Started Session 1 of user vagrant.
         Starting User Manager for UID 1000...
[[0;32m  OK  [0m] Started User Manager for UID 1000.
         Starting Time & Date Service...
[[0;32m  OK  [0m] Started Time & Date Service.

Ubuntu 18.04.6 LTS ubuntu-bionic ttyS0

ubuntu-bionic login: [   36.299961] cloud-init[1531]: Cloud-init v. 23.1.2-0ubuntu0~18.04.1 running 'modules:config' at Mon, 15 Jul 2024 01:02:05 +0000. Up 35.51 seconds.
ci-info: no authorized SSH keys fingerprints found for user ubuntu.
<14>Jul 15 01:02:07 cloud-init: #############################################################
<14>Jul 15 01:02:07 cloud-init: -----BEGIN SSH HOST KEY FINGERPRINTS-----
<14>Jul 15 01:02:07 cloud-init: 1024 SHA256:R9j7YtGvxlwhRen+eNjrRaNzfEsy9nkfL1RvViMPH5M root@ubuntu-bionic (DSA)
<14>Jul 15 01:02:07 cloud-init: 256 SHA256:MflwgEe42TdcM0Mrf9KBE+JR5nOj0SexjVMpzH43s0g root@ubuntu-bionic (ECDSA)
<14>Jul 15 01:02:07 cloud-init: 256 SHA256:kLUhDGDjk6EtG8nR6EKG/RlhJe8P+7rlM2vN89jtQJw root@ubuntu-bionic (ED25519)
<14>Jul 15 01:02:07 cloud-init: 2048 SHA256:k72PLZ94VDUWJ/+/Xz/tmi14+u+HDC0jI0z0oA5tG3c root@ubuntu-bionic (RSA)
<14>Jul 15 01:02:07 cloud-init: -----END SSH HOST KEY FINGERPRINTS-----
<14>Jul 15 01:02:07 cloud-init: #############################################################
-----BEGIN SSH HOST KEY KEYS-----
ecdsa-sha2-nistp256 AAAAE2VjZHNhLXNoYTItbmlzdHAyNTYAAAAIbmlzdHAyNTYAAABBBEO8EAldOr6FA02GI5EQsQEwGjhtvld5qD5UyOi947wi2yJ0Kl2tZNfN2eZx3XwhXDO3JFmRhZM3sYegYmtOaGg= root@ubuntu-bionic
ssh-ed25519 AAAAC3NzaC1lZDI1NTE5AAAAIHq1Q0Fv/8a9QkzyZ8OnGG6nfXrDgItgoEWm+Vqqi3KX root@ubuntu-bionic
ssh-rsa AAAAB3NzaC1yc2EAAAADAQABAAABAQDvHjmuk7KOKy9wPG9s27Qwuf7q8AdrqRJZ2xq98L8H86BfeqS9ftzIt7Ye06kmNP8UA0r2wqFbMXzWv3C8gYTMXDETRRI/0Lw+uKpSM3BYnvept+98XN8Xpd0hWhlaHXHYa0j+pZ73ucYItvV6INC+zRSvN2KBlb944rF/UpYo2VfExL7/HkZ4pOIlLMNVQRqczEfttVEROHYWb5YuJmLx3cHsBydP/7EZ8kCAGgptxdeTmkDTvZ8ZAWOQltE1mL+KoSkkLbHWR4vq3wUk58iO2Gu+1xvDncQcg9HQIWWDZrAyNaJj8QWXhC3CTJxHLxJgJBh4eyAvz2ENITvGV3uJ root@ubuntu-bionic
-----END SSH HOST KEY KEYS-----
[   37.428146] cloud-init[1695]: Cloud-init v. 23.1.2-0ubuntu0~18.04.1 running 'modules:final' at Mon, 15 Jul 2024 01:02:06 +0000. Up 37.01 seconds.
[   37.428247] cloud-init[1695]: Cloud-init v. 23.1.2-0ubuntu0~18.04.1 finished at Mon, 15 Jul 2024 01:02:07 +0000. Datasource DataSourceNoCloud [seed=/dev/sdb][dsmode=net].  Up 37.37 seconds
[[0;32m  OK  [0m] Stopped Unattended Upgrades Shutdown.
[[0;32m  OK  [0m] Stopped target Graphical Interface.
         Stopping Availability of block devices...
         Stopping Session 5 of user vagrant.
[[0;32m  OK  [0m] Stopped target Timers.
[[0;32m  OK  [0m] Stopped Message of the Day.
[[0;32m  OK  [0m] Stopped Daily Cleanup of Temporary Directories.
[[0;32m  OK  [0m] Closed Load/Save RF Kill Switch Status /dev/rfkill Watch.
[[0;32m  OK  [0m] Stopped Discard unused blocks once a week.
         Stopping Authorization Manager...
         Stopping User Manager for UID 1000...
[[0;32m  OK  [0m] Stopped Daily apt upgrade and clean activities.
[[0;32m  OK  [0m] Stopped Ubuntu Advantage Timer for running repeated jobs.
[[0;32m  OK  [0m] Stopped Daily apt download activities.
         Stopping Accounts Service...
[[0;32m  OK  [0m] Stopped target System Time Synchronized.
[[0;32m  OK  [0m] Stopped target Cloud-init target.
[[0;32m  OK  [0m] Stopped Execute cloud user/final scripts.
[[0;32m  OK  [0m] Stopped Apply the settings specified in cloud-config.
[[0;32m  OK  [0m] Stopped target Cloud-config availability.
[[0;32m  OK  [0m] Stopped target Multi-User System.
         Stopping Dispatcher daemon for systemd-networkd...
         Stopping The Apache HTTP Server...
         Stopping Regular background program processing daemon...
         Stopping LSB: automatic crash report generation...
         Stopping FUSE filesystem for LXC...
[[0;32m  OK  [0m] Stopped Wait until snapd is fully seeded.
[[0;32m  OK  [0m] Stopped target Login P         Stopping LXD - container startup/shutdown...
         Stopping Virtualbox guest utils...
         Stopping irqbalance daemon...
         Stopping OpenBSD Secure Shell server...
         Stopping Deferred execution scheduler...
         Stopping LSB: Record successful boot for GRUB...
         Stopping System Logging Service...
         Stopping D-Bus System Message Bus...
[[0;32m  OK  [0m] Stopped Accounts Service.
[[0;32m  OK  [0m] Unmounted /var/lib/lxcfs.
[[0;32m  OK  [0m] Stopped Deferred execution scheduler.
[[0;32m  OK  [0m] Stopped System Logging Service.
[[0;32m  OK  [0m] Stopped Regular background program processing daemon.
[[0;32m  OK  [0m] Stopped irqbalance daemon.
[[0;32m  OK  [0m] Stopped Dispatcher daemon for systemd-networkd.
[[0;32m  OK  [0m] Stopped Authorization Manager.
[[0;32m  OK  [0m] Stopped Serial Getty on ttyS0.
[[0;32m  OK  [0m] Stopped Getty on tty1.
[[0;32m  OK  [0m] Stopped OpenBSD Secure Shell server.
[[0;32m  OK  [0m] Stopped User Manager for UID 1000.
[[0;32m  OK  [0m] Stopped D-Bus System Message Bus.
[[0;32m  OK  [0m] Stopped FUSE filesystem for LXC.
[[0;32m  OK  [0m] Stopped Session 5 of user vagrant.
[[0;32m  OK  [0m] Removed slice User Slice of vagrant.
         Stopping Login Service...
[[0;32m  OK  [0m] Removed slice system-getty.slice.
         Stopping Permit User Sessions...
[[0;32m  OK  [0m] Removed slice system-serial\x2dgetty.slice.
[[0;32m  OK  [0m] Stopped target Login Prompts (Pre).
[[0;32m  OK  [0m] Stopped LXD - container startup/shutdown.
[[0;32m  OK  [0m] Stopped LSB: Record successful boot for GRUB.
[[0;32m  OK  [0m] Stopped Permit User Sessions.
[[0;32m  OK  [0m] Stopped LSB: automatic crash report generation.
[[0;32m  OK  [0m] Stopped Availability of block devices.
[[0;32m  OK  [0m] Stopped Virtualbox guest utils.
[[0;32m  OK  [0m] Stopped Login Service.
[[0;32m  OK  [0m] Stopped target User and Group Name Lookups.
[[0;32m  OK  [0m] Stopped The Apache HTTP Server.
[[0;32m  OK  [0m] Stopped target Remote File Systems.
         Unmounting /var/www/html...
         Unmounting /vagrant...
[[0;32m  OK  [0m] Stopped target Host and Network Name Lookups.
[[0;32m  OK  [0m] Stopped target Basic System.
[[0;32m  OK  [0m] Stopped target Slices.
[[0;32m  OK  [0m] Removed slice User and Session Slice.
[[0;32m  OK  [0m] Stopped target Sockets.
[[0;32m  OK  [0m] Closed Socket activation for snappy daemon.
[[0;32m  OK  [0m] Closed UUID daemon activation socket.
[[0;32m  OK  [0m] Closed cloud-init hotplug hook socket.
[[0;32m  OK  [0m] Closed D-Bus System Message Bus Socket.
[[0;32m  OK  [0m] Closed ACPID Listen Socket.
[[0;32m  OK  [0m] Closed Syslog Socket.
[[0;32m  OK  [0m] Closed LXD - unix socket.
[[0;32m  OK  [0m] Closed Open-iSCSI iscsid Socket.
[[0;32m  OK  [0m] Stopped target Paths.
[[0;32m  OK  [0m] Stopped ACPI Events Check.
[[0;32m  OK  [0m] Stopped target System Initialization.
[[0;32m  OK  [0m] Stopped Commit a transient machine-id on disk.
         Stopping Update UTMP about System Boot/Shutdown...
[[0;32m  OK  [0m] Stopped target Local Encrypted Volumes.
[[0;32m  OK  [0m] Stopped Dispatch Password Requests to Console Directory Watch.
         Stopping Load/Save Random Seed...
[[0;32m  OK  [0m] Stopped Forward Password Requests to Wall Directory Watch.
[[0;32m  OK  [0m] Unmounted /var/www/html.
[[0;32m  OK  [0m] Unmounted /vagrant.
[[0;32m  OK  [0m] Stopped Load/Save Random Seed.
[[0;32m  OK  [0m] Stopped target Remote File Systems (Pre).
[[0;32m  OK  [0m] Stopped target Network is Online.
[[0;32m  OK  [0m] Stopped Initial cloud-init job (metadata service crawler).
[[0;32m  OK  [0m] Stopped target Network.
         Stopping Network Name Resolution...
[[0;32m  OK  [0m] Stopped Update UTMP about System Boot/Shutdown.
[[0;32m  OK  [0m] Stopped Network Name Resolution.
[[0;32m  OK  [0m] Stopped Create Volatile Files and Directories.
[[0;32m  OK  [0m] Stopped target Local File Systems.
[[0;32m  OK  [0m] Stopped target Mounted snaps.
[[0;32m  OK  [0m] Stopped target Mounting snaps.
         Unmounting /run/user/1000...
         Stopping Network Service...
[[0;32m  OK  [0m] Unmounted /run/user/1000.
[[0;32m  OK  [0m] Reached target Unmount All Filesystems.
[[0;32m  OK  [0m] Stopped target Local File Systems (Pre).
[[0;32m  OK  [0m] Stopped Create Static Device Nodes in /dev.
         Stopping Monitoring of LVM2 mirrors…ng dmeventd or progress polling...
[[0;32m  OK  [0m] Stopped target Swap.
[[0;32m  OK  [0m] Stopped Monitoring of LVM2 mirrors,…sing dmeventd or progress polling.
         Stopping LVM2 metadata daemon...
[[0;32m  OK  [0m] Stopped LVM2 metadata daemon.
[[0;32m  OK  [0m] Stopped Network Service.
[[0;32m  OK  [0m] Stopped Apply Kernel Variables.
[[0;32m  OK  [0m] Stopped Load Kernel Modules.
[[0;32m  OK  [0m] Stopped target Network (Pre).
[[0;32m  OK  [0m] Stopped Initial cloud-init job (pre-networking).
[[0;32m  OK  [0m] Stopped Remount Root and Kernel File Systems.
[[0;32m  OK  [0m] Reached target Shutdown.
[[0;32m  OK  [0m] Reached target Final Step.
         Starting Power-Off...
[  718.616375] reboot: Power down
